[0.016s] Invoking command in '/root/nav_migration/src/build/navigros2': CMAKE_PREFIX_PATH=${CMAKE_PREFIX_PATH}:/opt/ros/humble /usr/bin/cmake --build /root/nav_migration/src/build/navigros2 -- -j22 -l22
[0.046s] -- Found ament_cmake: 1.3.10 (/opt/ros/humble/share/ament_cmake/cmake)
[0.178s] -- Found rosidl_default_generators: 1.2.0 (/opt/ros/humble/share/rosidl_default_generators/cmake)
[0.180s] -- Using all available rosidl_typesupport_c: rosidl_typesupport_fastrtps_c;rosidl_typesupport_introspection_c
[0.183s] -- Found rosidl_adapter: 3.1.5 (/opt/ros/humble/share/rosidl_adapter/cmake)
[0.442s] -- Using all available rosidl_typesupport_cpp: rosidl_typesupport_fastrtps_cpp;rosidl_typesupport_introspection_cpp
[0.470s] -- Found rclpy: 3.3.14 (/opt/ros/humble/share/rclpy/cmake)
[0.471s] -- Found std_msgs: 4.2.4 (/opt/ros/humble/share/std_msgs/cmake)
[0.502s] -- Found geometry_msgs: 4.2.4 (/opt/ros/humble/share/geometry_msgs/cmake)
[0.518s] -- Found nav_msgs: 4.2.4 (/opt/ros/humble/share/nav_msgs/cmake)
[0.535s] -- Found action_msgs: 1.2.1 (/opt/ros/humble/share/action_msgs/cmake)
[0.865s] -- Found ament_cmake_ros: 0.10.0 (/opt/ros/humble/share/ament_cmake_ros/cmake)
[1.102s] -- Using all available rosidl_typesupport_c: rosidl_typesupport_fastrtps_c;rosidl_typesupport_introspection_c
[1.448s] -- Using all available rosidl_typesupport_cpp: rosidl_typesupport_fastrtps_cpp;rosidl_typesupport_introspection_cpp
[1.477s] -- Found python_cmake_module: 0.10.0 (/opt/ros/humble/share/python_cmake_module/cmake)
[1.498s] -- Using PYTHON_EXECUTABLE: /usr/bin/python3
[1.498s] -- Using PYTHON_INCLUDE_DIRS: /usr/include/python3.10
[1.499s] -- Using PYTHON_LIBRARIES: /usr/lib/x86_64-linux-gnu/libpython3.10.so
[1.674s] [31mCMake Error at /opt/ros/humble/share/rosidl_adapter/cmake/rosidl_adapt_interfaces.cmake:59 (message):
[1.674s]   execute_process(/usr/bin/python3 -m rosidl_adapter --package-name navigros2
[1.674s]   --arguments-file
[1.674s]   /root/nav_migration/src/build/navigros2/rosidl_adapter__arguments__navigros2.json
[1.674s]   --output-dir
[1.675s]   /root/nav_migration/src/build/navigros2/rosidl_adapter/navigros2
[1.675s]   --output-file
[1.675s]   /root/nav_migration/src/build/navigros2/rosidl_adapter/navigros2.idls)
[1.675s]   returned error code 1:
[1.675s] 
[1.675s]   Error processing 'float64 startPos' of 'navigros2/MapRepeater_Goal':
[1.675s]   ''startPos' is an invalid field name.  It should have the pattern
[1.675s]   '^(?!.*__)(?!.*_$)[a-z][a-z0-9_]*$''
[1.675s] 
[1.675s]   Traceback (most recent call last):
[1.675s] 
[1.675s]     File "/usr/lib/python3.10/runpy.py", line 196, in _run_module_as_main
[1.675s]       return _run_code(code, main_globals, None,
[1.675s]     File "/usr/lib/python3.10/runpy.py", line 86, in _run_code
[1.676s]       exec(code, run_globals)
[1.676s]     File "/opt/ros/humble/local/lib/python3.10/dist-packages/rosidl_adapter/__main__.py", line 19, in <module>
[1.676s]       sys.exit(main())
[1.676s]     File "/opt/ros/humble/local/lib/python3.10/dist-packages/rosidl_adapter/main.py", line 53, in main
[1.676s]       abs_idl_file = convert_to_idl(
[1.676s]     File "/opt/ros/humble/local/lib/python3.10/dist-packages/rosidl_adapter/__init__.py", line 29, in convert_to_idl
[1.676s]       return convert_action_to_idl(
[1.676s]     File "/opt/ros/humble/local/lib/python3.10/dist-packages/rosidl_adapter/action/__init__.py", line 28, in convert_action_to_idl
[1.676s]       action = parse_action_string(package_name, input_file.stem, content)
[1.676s]     File "/opt/ros/humble/local/lib/python3.10/dist-packages/rosidl_adapter/parser.py", line 902, in parse_action_string
[1.676s]       goal_message = parse_message_string(
[1.676s]     File "/opt/ros/humble/local/lib/python3.10/dist-packages/rosidl_adapter/parser.py", line 519, in parse_message_string
[1.676s]       fields.append(Field(
[1.676s]     File "/opt/ros/humble/local/lib/python3.10/dist-packages/rosidl_adapter/parser.py", line 354, in __init__
[1.676s]       raise NameError(
[1.676s] 
[1.677s]   NameError: 'startPos' is an invalid field name.  It should have the pattern
[1.677s]   '^(?!.*__)(?!.*_$)[a-z][a-z0-9_]*$'
[1.677s] 
[1.677s] Call Stack (most recent call first):
[1.677s]   /opt/ros/humble/share/rosidl_cmake/cmake/rosidl_generate_interfaces.cmake:130 (rosidl_adapt_interfaces)
[1.677s]   CMakeLists.txt:30 (rosidl_generate_interfaces)
[1.677s] 
[1.677s] [0m
[1.677s] -- Configuring incomplete, errors occurred!
[1.677s] See also "/root/nav_migration/src/build/navigros2/CMakeFiles/CMakeOutput.log".
[1.679s] gmake: *** [Makefile:1611: cmake_check_build_system] Error 1
[1.681s] Invoked command in '/root/nav_migration/src/build/navigros2' returned '2': CMAKE_PREFIX_PATH=${CMAKE_PREFIX_PATH}:/opt/ros/humble /usr/bin/cmake --build /root/nav_migration/src/build/navigros2 -- -j22 -l22
